Line 517: Class MediaPlayerCtl.MediaPlayer of control Chay was not a loaded control class.
Line 526: The property name AudioStream in Chay is invalid.
Line 528: The property name AutoStart in Chay is invalid.
Line 529: The property name AnimationAtStart in Chay is invalid.
Line 530: The property name AllowScan in Chay is invalid.
Line 531: The property name AllowChangeDisplaySize in Chay is invalid.
Line 532: The property name AutoRewind in Chay is invalid.
Line 533: The property name Balance in Chay is invalid.
Line 534: The property name BaseURL in Chay is invalid.
Line 535: The property name BufferingTime in Chay is invalid.
Line 536: The property name CaptioningID in Chay is invalid.
Line 537: The property name ClickToPlay in Chay is invalid.
Line 538: The property name CursorType in Chay is invalid.
Line 539: The property name CurrentPosition in Chay is invalid.
Line 540: The property name CurrentMarker in Chay is invalid.
Line 541: The property name DefaultFrame in Chay is invalid.
Line 542: The property name DisplayBackColor in Chay is invalid.
Line 543: The property name DisplayForeColor in Chay is invalid.
Line 544: The property name DisplayMode in Chay is invalid.
Line 545: The property name DisplaySize in Chay is invalid.
Line 547: The property name EnableContextMenu in Chay is invalid.
Line 548: The property name EnablePositionControls in Chay is invalid.
Line 549: The property name EnableFullScreenControls in Chay is invalid.
Line 550: The property name EnableTracker in Chay is invalid.
Line 551: The property name Filename in Chay is invalid.
Line 552: The property name InvokeURLs in Chay is invalid.
Line 553: The property name Language in Chay is invalid.
Line 554: The property name Mute in Chay is invalid.
Line 555: The property name PlayCount in Chay is invalid.
Line 556: The property name PreviewMode in Chay is invalid.
Line 557: The property name Rate in Chay is invalid.
Line 558: The property name SAMILang in Chay is invalid.
Line 559: The property name SAMIStyle in Chay is invalid.
Line 560: The property name SAMIFileName in Chay is invalid.
Line 561: The property name SelectionStart in Chay is invalid.
Line 562: The property name SelectionEnd in Chay is invalid.
Line 563: The property name SendOpenStateChangeEvents in Chay is invalid.
Line 564: The property name SendWarningEvents in Chay is invalid.
Line 565: The property name SendErrorEvents in Chay is invalid.
Line 566: The property name SendKeyboardEvents in Chay is invalid.
Line 567: The property name SendMouseClickEvents in Chay is invalid.
Line 568: The property name SendMouseMoveEvents in Chay is invalid.
Line 569: The property name SendPlayStateChangeEvents in Chay is invalid.
Line 570: The property name ShowCaptioning in Chay is invalid.
Line 571: The property name ShowControls in Chay is invalid.
Line 572: The property name ShowAudioControls in Chay is invalid.
Line 573: The property name ShowDisplay in Chay is invalid.
Line 574: The property name ShowGotoBar in Chay is invalid.
Line 575: The property name ShowPositionControls in Chay is invalid.
Line 576: The property name ShowStatusBar in Chay is invalid.
Line 577: The property name ShowTracker in Chay is invalid.
Line 578: The property name TransparentAtStart in Chay is invalid.
Line 579: The property name VideoBorderWidth in Chay is invalid.
Line 580: The property name VideoBorderColor in Chay is invalid.
Line 581: The property name VideoBorder3D in Chay is invalid.
Line 582: The property name Volume in Chay is invalid.
Line 583: The property name WindowlessVideo in Chay is invalid.
